# JRE version: OpenJDK Runtime Environment (21.0.5) (build 21.0.5+-13047016-b750.29)
# Java VM: OpenJDK 64-Bit Server VM (21.0.5+-13047016-b750.29, mixed mode, tiered, compressed oops, compressed class ptrs, g1 gc, windows-amd64)
GC Precious Log:
 CardTable entry size: 512
 Card Set container configuration: InlinePtr #cards 5 size 8 Array Of Cards #cards 12 size 40 Howl #buckets 4 coarsen threshold 1843 Howl Bitmap #cards 512 size 80 coarsen threshold 460 Card regions per heap region 1 cards per card region 2048
 CPUs: 8 total, 8 available
 Memory: 7871M
 Large Page Support: Disabled
 NUMA Support: Disabled
 Compressed Oops: Enabled (32-bit)
 Heap Region Size: 1M
 Heap Min Capacity: 8M
 Heap Initial Capacity: 124M
 Heap Max Capacity: 1968M
 Pre-touch: Disabled
 Parallel Workers: 8
 Concurrent Workers: 2
 Concurrent Refinement Workers: 8
 Periodic GC: Disabled
Heap:
 garbage-first heap   total 159744K, used 102753K [0x0000000085000000, 0x0000000100000000)
  region size 1024K, 17 young (17408K), 7 survivors (7168K)
 Metaspace       used 71309K, committed 72128K, reserved 1114112K
  class space    used 7978K, committed 8384K, reserved 1048576K
GC Heap History (20 events):
Event: 5.667 GC heap before
{Heap before GC invocations=23 (full 0):
 garbage-first heap   total 84992K, used 74331K [0x0000000085000000, 0x0000000100000000)
  region size 1024K, 29 young (29696K), 4 survivors (4096K)
 Metaspace       used 55813K, committed 56640K, reserved 1114112K
  class space    used 6577K, committed 6976K, reserved 1048576K
}
Event: 5.674 GC heap after
{Heap after GC invocations=24 (full 0):
 garbage-first heap   total 84992K, used 49922K [0x0000000085000000, 0x0000000100000000)
  region size 1024K, 2 young (2048K), 2 survivors (2048K)
 Metaspace       used 55813K, committed 56640K, reserved 1114112K
  class space    used 6577K, committed 6976K, reserved 1048576K
}
Event: 6.186 GC heap before
{Heap before GC invocations=24 (full 0):
 garbage-first heap   total 84992K, used 73474K [0x0000000085000000, 0x0000000100000000)
  region size 1024K, 25 young (25600K), 2 survivors (2048K)
 Metaspace       used 58742K, committed 59520K, reserved 1114112K
  class space    used 6927K, committed 7296K, reserved 1048576K
}
Event: 6.196 GC heap after
{Heap after GC invocations=25 (full 0):
 garbage-first heap   total 84992K, used 53991K [0x0000000085000000, 0x0000000100000000)
  region size 1024K, 4 young (4096K), 4 survivors (4096K)
 Metaspace       used 58742K, committed 59520K, reserved 1114112K
  class space    used 6927K, committed 7296K, reserved 1048576K
}
Event: 6.673 GC heap before
{Heap before GC invocations=26 (full 0):
 garbage-first heap   total 91136K, used 74471K [0x0000000085000000, 0x0000000100000000)
  region size 1024K, 24 young (24576K), 4 survivors (4096K)
 Metaspace       used 60875K, committed 61696K, reserved 1114112K
  class space    used 7157K, committed 7552K, reserved 1048576K
}
Event: 6.684 GC heap after
{Heap after GC invocations=27 (full 0):
 garbage-first heap   total 91136K, used 56320K [0x0000000085000000, 0x0000000100000000)
  region size 1024K, 2 young (2048K), 2 survivors (2048K)
 Metaspace       used 60875K, committed 61696K, reserved 1114112K
  class space    used 7157K, committed 7552K, reserved 1048576K
}
Event: 7.602 GC heap before
{Heap before GC invocations=27 (full 0):
 garbage-first heap   total 91136K, used 80896K [0x0000000085000000, 0x0000000100000000)
  region size 1024K, 26 young (26624K), 2 survivors (2048K)
 Metaspace       used 62317K, committed 63104K, reserved 1114112K
  class space    used 7245K, committed 7616K, reserved 1048576K
}
Event: 7.613 GC heap after
{Heap after GC invocations=28 (full 0):
 garbage-first heap   total 122880K, used 60102K [0x0000000085000000, 0x0000000100000000)
  region size 1024K, 4 young (4096K), 4 survivors (4096K)
 Metaspace       used 62317K, committed 63104K, reserved 1114112K
  class space    used 7245K, committed 7616K, reserved 1048576K
}
Event: 9.339 GC heap before
{Heap before GC invocations=28 (full 0):
 garbage-first heap   total 122880K, used 104134K [0x0000000085000000, 0x0000000100000000)
  region size 1024K, 47 young (48128K), 4 survivors (4096K)
 Metaspace       used 64416K, committed 65216K, reserved 1114112K
  class space    used 7422K, committed 7808K, reserved 1048576K
}
Event: 9.360 GC heap after
{Heap after GC invocations=29 (full 0):
 garbage-first heap   total 122880K, used 67584K [0x0000000085000000, 0x0000000100000000)
  region size 1024K, 6 young (6144K), 6 survivors (6144K)
 Metaspace       used 64416K, committed 65216K, reserved 1114112K
  class space    used 7422K, committed 7808K, reserved 1048576K
}
Event: 10.133 GC heap before
{Heap before GC invocations=29 (full 0):
 garbage-first heap   total 122880K, used 103424K [0x0000000085000000, 0x0000000100000000)
  region size 1024K, 41 young (41984K), 6 survivors (6144K)
 Metaspace       used 65930K, committed 66752K, reserved 1114112K
  class space    used 7523K, committed 7936K, reserved 1048576K
}
Event: 10.148 GC heap after
{Heap after GC invocations=30 (full 0):
 garbage-first heap   total 122880K, used 74240K [0x0000000085000000, 0x0000000100000000)
  region size 1024K, 6 young (6144K), 6 survivors (6144K)
 Metaspace       used 65930K, committed 66752K, reserved 1114112K
  class space    used 7523K, committed 7936K, reserved 1048576K
}
Event: 11.481 GC heap before
{Heap before GC invocations=30 (full 0):
 garbage-first heap   total 122880K, used 105984K [0x0000000085000000, 0x0000000100000000)
  region size 1024K, 37 young (37888K), 6 survivors (6144K)
 Metaspace       used 67785K, committed 68608K, reserved 1114112K
  class space    used 7595K, committed 8000K, reserved 1048576K
}
Event: 11.497 GC heap after
{Heap after GC invocations=31 (full 0):
 garbage-first heap   total 122880K, used 78848K [0x0000000085000000, 0x0000000100000000)
  region size 1024K, 5 young (5120K), 5 survivors (5120K)
 Metaspace       used 67785K, committed 68608K, reserved 1114112K
  class space    used 7595K, committed 8000K, reserved 1048576K
}
Event: 12.414 GC heap before
{Heap before GC invocations=32 (full 0):
 garbage-first heap   total 133120K, used 109568K [0x0000000085000000, 0x0000000100000000)
  region size 1024K, 34 young (34816K), 5 survivors (5120K)
 Metaspace       used 68300K, committed 69120K, reserved 1114112K
  class space    used 7627K, committed 8064K, reserved 1048576K
}
Event: 12.426 GC heap after
{Heap after GC invocations=33 (full 0):
 garbage-first heap   total 133120K, used 84851K [0x0000000085000000, 0x0000000100000000)
  region size 1024K, 5 young (5120K), 5 survivors (5120K)
 Metaspace       used 68300K, committed 69120K, reserved 1114112K
  class space    used 7627K, committed 8064K, reserved 1048576K
}
Event: 13.638 GC heap before
{Heap before GC invocations=33 (full 0):
 garbage-first heap   total 133120K, used 118643K [0x0000000085000000, 0x0000000100000000)
  region size 1024K, 38 young (38912K), 5 survivors (5120K)
 Metaspace       used 69114K, committed 69888K, reserved 1114112K
  class space    used 7689K, committed 8064K, reserved 1048576K
}
Event: 13.653 GC heap after
{Heap after GC invocations=34 (full 0):
 garbage-first heap   total 159744K, used 86016K [0x0000000085000000, 0x0000000100000000)
  region size 1024K, 4 young (4096K), 4 survivors (4096K)
 Metaspace       used 69114K, committed 69888K, reserved 1114112K
  class space    used 7689K, committed 8064K, reserved 1048576K
}
Event: 17.699 GC heap before
{Heap before GC invocations=34 (full 0):
 garbage-first heap   total 159744K, used 139264K [0x0000000085000000, 0x0000000100000000)
  region size 1024K, 56 young (57344K), 4 survivors (4096K)
 Metaspace       used 71275K, committed 72064K, reserved 1114112K
  class space    used 7975K, committed 8384K, reserved 1048576K
}
Event: 17.714 GC heap after
{Heap after GC invocations=35 (full 0):
 garbage-first heap   total 159744K, used 93537K [0x0000000085000000, 0x0000000100000000)
  region size 1024K, 7 young (7168K), 7 survivors (7168K)
 Metaspace       used 71275K, committed 72064K, reserved 1114112K
  class space    used 7975K, committed 8384K, reserved 1048576K
}

